TN:
SF:C:\Users\Dominic\Desktop\CIT\Project\connect.js
FN:9,login
FN:11,(anonymous_1)
FN:30,connectDB
FN:31,(anonymous_3)
FN:46,getListIndex
FN:61,getCategoryIndex
FN:77,getItemIndex
FN:93,readFile
FN:94,(anonymous_8)
FN:95,(anonymous_9)
FN:112,updateDB
FN:113,(anonymous_11)
FN:123,addListDB
FN:124,(anonymous_13)
FN:136,deleteCategoryDB
FN:137,(anonymous_15)
FN:161,addCategoryDB
FN:162,(anonymous_17)
FN:178,addUserDB
FN:179,(anonymous_19)
FN:180,(anonymous_20)
FN:198,deleteUserDB
FN:199,(anonymous_22)
FN:201,(anonymous_23)
FN:212,addItemDB
FN:214,(anonymous_25)
FN:238,addListDB
FN:239,(anonymous_27)
FN:249,deleteListDB
FN:250,(anonymous_29)
FN:263,addCategoryDB
FN:264,(anonymous_31)
FN:281,deleteCategoryDB
FN:282,(anonymous_33)
FN:300,addItemDB
FN:301,(anonymous_35)
FN:319,deleteItemDB
FN:320,(anonymous_37)
FNF:38
FNH:4
FNDA:0,login
FNDA:0,(anonymous_1)
FNDA:2,connectDB
FNDA:0,(anonymous_3)
FNDA:0,getListIndex
FNDA:0,getCategoryIndex
FNDA:0,getItemIndex
FNDA:1,readFile
FNDA:0,(anonymous_8)
FNDA:0,(anonymous_9)
FNDA:0,updateDB
FNDA:0,(anonymous_11)
FNDA:0,addListDB
FNDA:0,(anonymous_13)
FNDA:0,deleteCategoryDB
FNDA:0,(anonymous_15)
FNDA:0,addCategoryDB
FNDA:0,(anonymous_17)
FNDA:0,addUserDB
FNDA:0,(anonymous_19)
FNDA:0,(anonymous_20)
FNDA:1,deleteUserDB
FNDA:0,(anonymous_22)
FNDA:0,(anonymous_23)
FNDA:0,addItemDB
FNDA:0,(anonymous_25)
FNDA:1,addListDB
FNDA:0,(anonymous_27)
FNDA:0,deleteListDB
FNDA:0,(anonymous_29)
FNDA:0,addCategoryDB
FNDA:0,(anonymous_31)
FNDA:0,deleteCategoryDB
FNDA:0,(anonymous_33)
FNDA:0,addItemDB
FNDA:0,(anonymous_35)
FNDA:0,deleteItemDB
FNDA:0,(anonymous_37)
DA:1,1
DA:2,1
DA:10,0
DA:11,0
DA:12,0
DA:13,0
DA:15,0
DA:16,0
DA:18,0
DA:23,0
DA:31,2
DA:32,0
DA:33,0
DA:35,0
DA:36,0
DA:37,0
DA:47,0
DA:49,0
DA:50,0
DA:51,0
DA:62,0
DA:63,0
DA:65,0
DA:66,0
DA:67,0
DA:78,0
DA:79,0
DA:80,0
DA:82,0
DA:83,0
DA:84,0
DA:94,1
DA:95,0
DA:96,0
DA:97,0
DA:98,0
DA:99,0
DA:101,0
DA:103,0
DA:113,0
DA:114,0
DA:115,0
DA:124,0
DA:125,0
DA:126,0
DA:137,0
DA:138,0
DA:139,0
DA:141,0
DA:142,0
DA:144,0
DA:162,0
DA:163,0
DA:165,0
DA:166,0
DA:168,0
DA:179,0
DA:180,0
DA:181,0
DA:182,0
DA:183,0
DA:185,0
DA:187,0
DA:199,1
DA:201,0
DA:202,0
DA:203,0
DA:204,0
DA:206,0
DA:208,0
DA:214,0
DA:216,0
DA:218,0
DA:222,0
DA:224,0
DA:228,0
DA:239,1
DA:240,0
DA:241,0
DA:250,0
DA:251,0
DA:252,0
DA:253,0
DA:254,0
DA:264,0
DA:265,0
DA:266,0
DA:268,0
DA:269,0
DA:271,0
DA:282,0
DA:283,0
DA:284,0
DA:286,0
DA:287,0
DA:289,0
DA:301,0
DA:302,0
DA:303,0
DA:305,0
DA:306,0
DA:308,0
DA:320,0
DA:321,0
DA:322,0
DA:323,0
DA:325,0
DA:326,0
DA:328,0
DA:332,1
LF:110
LH:7
BRDA:10,0,0,0
BRDA:10,0,1,0
BRDA:10,1,0,0
BRDA:10,1,1,0
BRDA:10,1,2,0
BRDA:10,1,3,0
BRDA:12,2,0,0
BRDA:12,2,1,0
BRDA:15,3,0,0
BRDA:15,3,1,0
BRDA:32,4,0,0
BRDA:32,4,1,0
BRDA:50,5,0,0
BRDA:50,5,1,0
BRDA:66,6,0,0
BRDA:66,6,1,0
BRDA:83,7,0,0
BRDA:83,7,1,0
BRDA:96,8,0,0
BRDA:96,8,1,0
BRDA:98,9,0,0
BRDA:98,9,1,0
BRDA:181,10,0,0
BRDA:181,10,1,0
BRDA:202,11,0,0
BRDA:202,11,1,0
BRF:26
BRH:0
end_of_record
